c:\users\lexx\documents\visual studio 2017\projects\core\debug\core.pdb
c:\users\lexx\documents\visual studio 2017\projects\core\debug\core.idb
c:\users\lexx\documents\visual studio 2017\projects\core\debug\application.obj
c:\users\lexx\documents\visual studio 2017\projects\core\debug\buffer.obj
c:\users\lexx\documents\visual studio 2017\projects\core\debug\config.obj
c:\users\lexx\documents\visual studio 2017\projects\core\debug\func.obj
c:\users\lexx\documents\visual studio 2017\projects\core\debug\list.obj
c:\users\lexx\documents\visual studio 2017\projects\core\debug\logger.obj
c:\users\lexx\documents\visual studio 2017\projects\core\debug\object.obj
c:\users\lexx\documents\visual studio 2017\projects\core\debug\registry.obj
c:\users\lexx\documents\visual studio 2017\projects\core\debug\stream.obj
c:\users\lexx\documents\visual studio 2017\projects\core\debug\strings.obj
c:\users\lexx\documents\visual studio 2017\projects\core\debug\utf.obj
c:\users\lexx\documents\visual studio 2017\projects\core\debug\xmlparser.obj
c:\users\lexx\documents\visual studio 2017\projects\core\debug\vcpkg.applocal.log
c:\users\lexx\documents\visual studio 2017\projects\core\debug\core.lib
c:\projects\core\vs2017\core\debug\application.obj
c:\projects\core\vs2017\core\debug\buffer.obj
c:\projects\core\vs2017\core\debug\config.obj
c:\projects\core\vs2017\core\debug\func.obj
c:\projects\core\vs2017\core\debug\list.obj
c:\projects\core\vs2017\core\debug\logger.obj
c:\projects\core\vs2017\core\debug\object.obj
c:\projects\core\vs2017\core\debug\registry.obj
c:\projects\core\vs2017\core\debug\stream.obj
c:\projects\core\vs2017\core\debug\strings.obj
c:\projects\core\vs2017\core\debug\utf.obj
c:\projects\core\vs2017\core\debug\xmlparser.obj
c:\projects\core\vs2017\core\debug\core.idb
c:\projects\core\vs2017\core\debug\core.pdb
c:\projects\core\vs2017\core\debug\core.lib
c:\projects\core\vs2017\core\debug\core.tlog\cl.command.1.tlog
c:\projects\core\vs2017\core\debug\core.tlog\cl.read.1.tlog
c:\projects\core\vs2017\core\debug\core.tlog\cl.write.1.tlog
c:\projects\core\vs2017\core\debug\core.tlog\core.write.1u.tlog
c:\projects\core\vs2017\core\debug\core.tlog\lib-link.read.1.tlog
c:\projects\core\vs2017\core\debug\core.tlog\lib-link.write.1.tlog
c:\projects\core\vs2017\core\debug\core.tlog\lib.command.1.tlog
